<?xml version="1.0" encoding="UTF-8"?>
<testsuite name="ru.srqa.pft.addressbook.tests.GroupDeletionTests" tests="1" skipped="0" failures="0" errors="0" timestamp="2019-03-08T13:39:25" hostname="Карин-ПК" time="2.157">
  <properties/>
  <testcase name="testGroupDeletion" classname="ru.srqa.pft.addressbook.tests.GroupDeletionTests" time="2.157"/>
  <system-out><![CDATA[]]></system-out>
  <system-err><![CDATA[]]></system-err>
</testsuite>
