<?xml version="1.0" encoding="UTF-8"?>
<testsuite name="ru.srqa.pft.addressbook.tests.ContactEditTests" tests="1" skipped="0" failures="0" errors="0" timestamp="2019-03-08T13:38:37" hostname="Карин-ПК" time="6.367">
  <properties/>
  <testcase name="testContactEdit" classname="ru.srqa.pft.addressbook.tests.ContactEditTests" time="6.367"/>
  <system-out><![CDATA[]]></system-out>
  <system-err><![CDATA[]]></system-err>
</testsuite>
