<?xml version="1.0" encoding="UTF-8"?>
<testsuite name="ru.srqa.pft.addressbook.tests.ContactEmailTests" tests="1" skipped="0" failures="0" errors="0" timestamp="2019-03-08T13:38:06" hostname="Карин-ПК" time="1.433">
  <properties/>
  <testcase name="testContactEmails" classname="ru.srqa.pft.addressbook.tests.ContactEmailTests" time="1.433"/>
  <system-out><![CDATA[]]></system-out>
  <system-err><![CDATA[]]></system-err>
</testsuite>
