<?xml version="1.0" encoding="UTF-8"?>
<testsuite name="ru.srqa.pft.addressbook.tests.ContactEmailTests" tests="1" skipped="1" failures="0" errors="0" timestamp="2019-03-08T14:50:03" hostname="Карин-ПК" time="0.0">
  <properties/>
  <testcase name="testContactEmails" classname="ru.srqa.pft.addressbook.tests.ContactEmailTests" time="0.0">
    <skipped/>
  </testcase>
  <system-out><![CDATA[]]></system-out>
  <system-err><![CDATA[]]></system-err>
</testsuite>
