<?xml version="1.0" encoding="UTF-8"?>
<testsuite name="ru.srqa.pft.addressbook.tests.ContactCreationTests" tests="1" skipped="1" failures="0" errors="0" timestamp="2019-03-08T14:50:03" hostname="Карин-ПК" time="0.0">
  <properties/>
  <testcase name="testContactCreation" classname="ru.srqa.pft.addressbook.tests.ContactCreationTests" time="0.0">
    <skipped/>
  </testcase>
  <system-out><![CDATA[]]></system-out>
  <system-err><![CDATA[Security framework of XStream not initialized, XStream is probably vulnerable.
]]></system-err>
</testsuite>
