<?xml version="1.0" encoding="UTF-8"?>
<testsuite name="ru.srqa.pft.addressbook.tests.ContactAddressTests" tests="1" skipped="0" failures="0" errors="0" timestamp="2019-03-08T13:32:57" hostname="Карин-ПК" time="1.443">
  <properties/>
  <testcase name="testContactAddress" classname="ru.srqa.pft.addressbook.tests.ContactAddressTests" time="1.443"/>
  <system-out><![CDATA[]]></system-out>
  <system-err><![CDATA[console.error: BroadcastService: 
  receivedBroadcastMessage: handler for
  remote-settings/monitor_changes
  threw error:
  Message: Error: Polling for changes failed: NetworkError when attempting to fetch resource..
  Stack:
    remoteSettingsFunction/remoteSettings.pollChanges@resource://services-settings/remote-settings.js:188:13

]]></system-err>
</testsuite>
