<?xml version="1.0" encoding="UTF-8"?>
<testsuite name="ru.srqa.pft.addressbook.tests.GroupCreationTests" tests="3" skipped="0" failures="0" errors="0" timestamp="2019-03-08T13:32:38" hostname="Карин-ПК" time="10.823">
  <properties/>
  <testcase name="testGroupCreation[0](GroupData{id='0', name='test 0'})" classname="ru.srqa.pft.addressbook.tests.GroupCreationTests" time="3.865"/>
  <testcase name="testGroupCreation[1](GroupData{id='0', name='test 1'})" classname="ru.srqa.pft.addressbook.tests.GroupCreationTests" time="3.449"/>
  <testcase name="testGroupCreation[2](GroupData{id='0', name='test 2'})" classname="ru.srqa.pft.addressbook.tests.GroupCreationTests" time="3.509"/>
  <system-out><![CDATA[]]></system-out>
  <system-err><![CDATA[Security framework of XStream not initialized, XStream is probably vulnerable.
]]></system-err>
</testsuite>
